<?xml version="1.0" encoding="UTF-8"?>
<!-- Generated by org.testng.reporters.JUnitXMLReporter -->
<testsuite hostname="DESKTOP-7IHME2E" ignored="1" name="Default test" tests="1" failures="0" timestamp="2020-02-01T18:23:05 IST" time="12.301" errors="0">
  <testcase name="verifyHomePageTitle" time="12.179" classname="com.k2js.mavenbasicfw.testscripts.TestRunner"/>
  <testcase name="verifyConfirmationMessage" time="0.0" classname="com.k2js.mavenbasicfw.testscripts.TestRunner">
    <ignored/>
  </testcase> <!-- verifyConfirmationMessage -->
</testsuite> <!-- Default test -->
