<?xml version="1.0" encoding="UTF-8"?>
<testng-results skipped="0" failed="0" ignored="0" total="1" passed="1">
  <reporter-output>
  </reporter-output>
  <suite name="Default suite" duration-ms="121" started-at="2020-02-02T15:16:09 IST" finished-at="2020-02-02T15:16:10 IST">
    <groups>
    </groups>
    <test name="Default test" duration-ms="121" started-at="2020-02-02T15:16:09 IST" finished-at="2020-02-02T15:16:10 IST">
      <class name="com.k2js.testngbasics.testscripts.TestRunner">
        <test-method status="PASS" signature="verifyHomePageTitle()[pri:0, instance:com.k2js.testngbasics.testscripts.TestRunner@1efbd816]" name="verifyHomePageTitle" duration-ms="16" started-at="2020-02-02T15:16:10 IST" finished-at="2020-02-02T15:16:10 IST">
          <reporter-output>
          </reporter-output>
        </test-method> <!-- verifyHomePageTitle -->
      </class> <!-- com.k2js.testngbasics.testscripts.TestRunner -->
    </test> <!-- Default test -->
  </suite> <!-- Default suite -->
</testng-results>
