<?xml version="1.0" encoding="UTF-8"?>
<!-- Generated by org.testng.reporters.JUnitXMLReporter -->
<testsuite hostname="DESKTOP-7IHME2E" ignored="0" name="Default test" tests="3" failures="0" timestamp="2020-02-02T14:47:41 IST" time="32.888" errors="0">
  <testcase name="verifyHomePageTitle" time="7.357" classname="com.k2js.mavenbasicfw.testscripts.TestRunner"/>
  <testcase name="verifyConfirmationMessage" time="12.08" classname="com.k2js.mavenbasicfw.testscripts.TestRunner"/>
  <testcase name="verifyHeadings" time="13.378" classname="com.k2js.mavenbasicfw.testscripts.TestRunner2"/>
</testsuite> <!-- Default test -->
