<?xml version="1.0" encoding="UTF-8"?>
<testng-results skipped="0" failed="0" ignored="0" total="2" passed="2">
  <reporter-output>
  </reporter-output>
  <suite name="Default suite" duration-ms="1018" started-at="2020-02-08T15:49:00 IST" finished-at="2020-02-08T15:49:01 IST">
    <groups>
    </groups>
    <test name="Default test" duration-ms="1018" started-at="2020-02-08T15:49:00 IST" finished-at="2020-02-08T15:49:01 IST">
      <class name="com.k2js.excelbasics.practice.TestRunner">
        <test-method status="PASS" signature="verifyConfirmationMessage([Ljava.lang.String;)[pri:0, instance:com.k2js.excelbasics.practice.TestRunner@5bc79255]" name="verifyConfirmationMessage" duration-ms="8" started-at="2020-02-08T15:49:01 IST" data-provider="abc" finished-at="2020-02-08T15:49:01 IST">
          <params>
            <param index="0">
              <value>
                <![CDATA[[Ljava.lang.String;@b62d79]]>
              </value>
            </param>
          </params>
          <reporter-output>
          </reporter-output>
        </test-method> <!-- verifyConfirmationMessage -->
        <test-method status="PASS" signature="verifyConfirmationMessage([Ljava.lang.String;)[pri:0, instance:com.k2js.excelbasics.practice.TestRunner@5bc79255]" name="verifyConfirmationMessage" duration-ms="4" started-at="2020-02-08T15:49:01 IST" data-provider="abc" finished-at="2020-02-08T15:49:01 IST">
          <params>
            <param index="0">
              <value>
                <![CDATA[[Ljava.lang.String;@1cbb87f3]]>
              </value>
            </param>
          </params>
          <reporter-output>
          </reporter-output>
        </test-method> <!-- verifyConfirmationMessage -->
      </class> <!-- com.k2js.excelbasics.practice.TestRunner -->
    </test> <!-- Default test -->
  </suite> <!-- Default suite -->
</testng-results>
