<?xml version="1.0" encoding="UTF-8"?>
<!-- Generated by org.testng.reporters.JUnitXMLReporter -->
<testsuite hostname="DESKTOP-7IHME2E" ignored="1" name="firefox" tests="1" failures="0" timestamp="2020-02-02T17:34:12 IST" time="0.02" errors="0">
  <testcase name="verifyConfirmationMessage" time="0.005" classname="com.k2js.testngbasics.testscripts.TestRunner"/>
  <testcase name="verifyHomePageTitle" time="0.0" classname="com.k2js.testngbasics.testscripts.TestRunner">
    <ignored/>
  </testcase> <!-- verifyHomePageTitle -->
</testsuite> <!-- firefox -->
