<?xml version="1.0" encoding="UTF-8"?>
<!-- Generated by org.testng.reporters.JUnitXMLReporter -->
<testsuite hostname="DESKTOP-7IHME2E" ignored="0" name="Default test" tests="2" failures="0" timestamp="2020-02-08T15:49:01 IST" time="1.018" errors="0">
  <testcase name="verifyConfirmationMessage" time="0.008" classname="com.k2js.excelbasics.practice.TestRunner"/>
  <testcase name="verifyConfirmationMessage" time="0.004" classname="com.k2js.excelbasics.practice.TestRunner"/>
</testsuite> <!-- Default test -->
