<?xml version="1.0" encoding="UTF-8"?>
<testng-results skipped="0" failed="0" ignored="1" total="2" passed="1">
  <reporter-output>
  </reporter-output>
  <suite name="Default suite" duration-ms="12301" started-at="2020-02-01T18:22:53 IST" finished-at="2020-02-01T18:23:05 IST">
    <groups>
    </groups>
    <test name="Default test" duration-ms="12301" started-at="2020-02-01T18:22:53 IST" finished-at="2020-02-01T18:23:05 IST">
      <class name="com.k2js.mavenbasicfw.testscripts.TestRunner">
        <test-method status="PASS" signature="verifyHomePageTitle()[pri:0, instance:com.k2js.mavenbasicfw.testscripts.TestRunner@5b275dab]" name="verifyHomePageTitle" duration-ms="12179" started-at="2020-02-01T18:22:53 IST" finished-at="2020-02-01T18:23:05 IST">
          <reporter-output>
          </reporter-output>
        </test-method> <!-- verifyHomePageTitle -->
      </class> <!-- com.k2js.mavenbasicfw.testscripts.TestRunner -->
    </test> <!-- Default test -->
  </suite> <!-- Default suite -->
</testng-results>
